Flutter crash report.
Please report a bug at https://github.com/flutter/flutter/issues.

## command

flutter --no-color attach --machine --device-id=R9JNC02YFPJ lib\main.dart

## exception

StateError: Bad state: Future already completed

```
#0      _AsyncCompleter.complete (dart:async/future_impl.dart:35:31)
#1      FlutterDevice.connect.<anonymous closure> (package:flutter_tools/src/resident_runner.dart:338:17)
<asynchronous suspension>
```

## flutter doctor

```
[✓] Flutter (Channel stable, 3.7.7, on Microsoft Windows [Version 10.0.19045.2728], locale en-GB)
    • Flutter version 3.7.7 on channel stable at C:\flutter
    • Upstream repository https://github.com/flutter/flutter.git
    • Framework revision 2ad6cd72c0 (3 weeks ago), 2023-03-08 09:41:59 -0800
    • Engine revision 1837b5be5f
    • Dart version 2.19.4
    • DevTools version 2.20.1

[✓] Windows Version (Installed version of Windows is version 10 or higher)

[✓] Android toolchain - develop for Android devices (Android SDK version 33.0.1)
    • Android SDK at C:\Users\sulemanawan\AppData\Local\Android\sdk
    • Platform android-33-ext4, build-tools 33.0.1
    • Java binary at: C:\Program Files\Android\Android Studio\jbr\bin\java
    • Java version OpenJDK Runtime Environment (build 11.0.15+0-b2043.56-9505619)
    • All Android licenses accepted.

[✓] Chrome - develop for the web
    • Chrome at C:\Program Files\Google\Chrome\Application\chrome.exe

[✓] Visual Studio - develop for Windows (Visual Studio Community 2022 17.4.4)
    • Visual Studio at C:\Program Files\Microsoft Visual Studio\2022\Community
    • Visual Studio Community 2022 version 17.4.33213.308
    • Windows 10 SDK version 10.0.22000.0

[✓] Android Studio (version 2022.1)
    • Android Studio at C:\Program Files\Android\Android Studio
    • Flutter plugin can be installed from:
      🔨 https://plugins.jetbrains.com/plugin/9212-flutter
    • Dart plugin can be installed from:
      🔨 https://plugins.jetbrains.com/plugin/6351-dart
    • Java version OpenJDK Runtime Environment (build 11.0.15+0-b2043.56-9505619)

[✓] VS Code (version 1.76.2)
    • VS Code at C:\Users\sulemanawan\AppData\Local\Programs\Microsoft VS Code
    • Flutter extension can be installed from:
      🔨 https://marketplace.visualstudio.com/items?itemName=Dart-Code.flutter

[✓] Connected device (4 available)
    • SM A025F (mobile) • R9JNC02YFPJ • android-arm    • Android 12 (API 31)
    • Windows (desktop) • windows     • windows-x64    • Microsoft Windows [Version 10.0.19045.2728]
    • Chrome (web)      • chrome      • web-javascript • Google Chrome 111.0.5563.111
    • Edge (web)        • edge        • web-javascript • Microsoft Edge 111.0.1661.41

[✓] HTTP Host Availability
    • All required HTTP hosts are available

• No issues found!
```
